TRACE (139717638448960) calling main                                             in file `../Simulator/Simulator.cpp' on line 81
TRACE    (139717638448960) calling Object::Object                                in file `../Simulator/../Objectville/Object.hpp' on line 42
TRACE    (139717638448960) leaving Object::Object                                in file `../Simulator/../Objectville/Object.hpp' on line 42
TRACE    (139717638448960) calling Object::Object                                in file `../Simulator/../Objectville/Object.hpp' on line 42
TRACE    (139717638448960) leaving Object::Object                                in file `../Simulator/../Objectville/Object.hpp' on line 42

TRACE    (139717638448960) calling Object::get_hash_code                         in file `../Simulator/../Objectville/Object.hpp' on line 147
TRACE       (139717638448960) calling Object::get_hash_code_impl                 in file `../Simulator/../Objectville/Object.hpp' on line 163
TRACE       (139717638448960) leaving Object::get_hash_code_impl                 in file `../Simulator/../Objectville/Object.hpp' on line 163
TRACE    (139717638448960) leaving Object::get_hash_code                         in file `../Simulator/../Objectville/Object.hpp' on line 147
TRACE    (139717638448960) calling Object::get_hash_code                         in file `../Simulator/../Objectville/Object.hpp' on line 147
TRACE       (139717638448960) calling Object::get_hash_code_impl                 in file `../Simulator/../Objectville/Object.hpp' on line 163
TRACE       (139717638448960) leaving Object::get_hash_code_impl                 in file `../Simulator/../Objectville/Object.hpp' on line 163
TRACE    (139717638448960) leaving Object::get_hash_code                         in file `../Simulator/../Objectville/Object.hpp' on line 147
TRACE    (139717638448960) calling Singleton::Singleton                          in file `../Simulator/../Objectville/Singleton.hpp' on line 32
TRACE    (139717638448960) leaving Singleton::Singleton                          in file `../Simulator/../Objectville/Singleton.hpp' on line 32
TRACE    (139717638448960) calling Object::Object                                in file `../Simulator/../Objectville/Object.hpp' on line 42
TRACE    (139717638448960) leaving Object::Object                                in file `../Simulator/../Objectville/Object.hpp' on line 42

TRACE    (139717638448960) calling Fowl_factory::Fowl_factory                    in file `../Simulator/../Objectville/Fowl_factory.hpp' on line 59
TRACE    (139717638448960) leaving Fowl_factory::Fowl_factory                    in file `../Simulator/../Objectville/Fowl_factory.hpp' on line 59

TRACE    (139717638448960) calling Fowl_factory::make                            in file `../Simulator/../Objectville/Fowl_factory.hpp' on line 247
TRACE       (139717638448960) calling Fowl_factory::make(identity<Mallard_duck>) in file `../Simulator/../Objectville/Fowl_factory.hpp' on line 319
TRACE          (139717638448960) calling Fowl_factory::Mallard_duck::type_name   in file `../Simulator/../Objectville/Fowl_factory.hpp' on line 164
TRACE          (139717638448960) leaving Fowl_factory::Mallard_duck::type_name   in file `../Simulator/../Objectville/Fowl_factory.hpp' on line 164
TRACE          (139717638448960) calling weight                                  in file `../Simulator/../Objectville/Fowl_factory.hpp' on line 28
TRACE          (139717638448960) leaving weight                                  in file `../Simulator/../Objectville/Fowl_factory.hpp' on line 28
TRACE          (139717638448960) calling Object::Object                          in file `../Simulator/../Objectville/Object.hpp' on line 42
TRACE          (139717638448960) leaving Object::Object                          in file `../Simulator/../Objectville/Object.hpp' on line 42
TRACE          (139717638448960) calling Fowl::Fowl                              in file `../Simulator/../Objectville/Fowl.hpp' on line 62
TRACE          (139717638448960) leaving Fowl::Fowl                              in file `../Simulator/../Objectville/Fowl.hpp' on line 62
TRACE       (139717638448960) leaving Fowl_factory::make(identity<Mallard_duck>) in file `../Simulator/../Objectville/Fowl_factory.hpp' on line 319
TRACE    (139717638448960) leaving Fowl_factory::make                            in file `../Simulator/../Objectville/Fowl_factory.hpp' on line 247

TRACE    (139717638448960) calling Fowl_factory::make                            in file `../Simulator/../Objectville/Fowl_factory.hpp' on line 247
TRACE       (139717638448960) calling Fowl_factory::make(identity<Wild_turkey>)  in file `../Simulator/../Objectville/Fowl_factory.hpp' on line 342
TRACE          (139717638448960) calling Fowl_factory::Wild_turkey::type_name    in file `../Simulator/../Objectville/Fowl_factory.hpp' on line 186
TRACE          (139717638448960) leaving Fowl_factory::Wild_turkey::type_name    in file `../Simulator/../Objectville/Fowl_factory.hpp' on line 186
TRACE          (139717638448960) calling weight                                  in file `../Simulator/../Objectville/Fowl_factory.hpp' on line 28
TRACE          (139717638448960) leaving weight                                  in file `../Simulator/../Objectville/Fowl_factory.hpp' on line 28
TRACE          (139717638448960) calling Object::Object                          in file `../Simulator/../Objectville/Object.hpp' on line 42
TRACE          (139717638448960) leaving Object::Object                          in file `../Simulator/../Objectville/Object.hpp' on line 42
TRACE          (139717638448960) calling Fowl::Fowl                              in file `../Simulator/../Objectville/Fowl.hpp' on line 62
TRACE          (139717638448960) leaving Fowl::Fowl                              in file `../Simulator/../Objectville/Fowl.hpp' on line 62
TRACE       (139717638448960) leaving Fowl_factory::make(identity<Wild_turkey>)  in file `../Simulator/../Objectville/Fowl_factory.hpp' on line 342
TRACE    (139717638448960) leaving Fowl_factory::make                            in file `../Simulator/../Objectville/Fowl_factory.hpp' on line 247

TRACE    (139717638448960) calling Fowl_factory::make                            in file `../Simulator/../Objectville/Fowl_factory.hpp' on line 247
TRACE       (139717638448960) calling Fowl_factory::make(identity<Decoy_duck>)   in file `../Simulator/../Objectville/Fowl_factory.hpp' on line 273
TRACE          (139717638448960) calling Fowl_factory::Decoy_duck::type_name     in file `../Simulator/../Objectville/Fowl_factory.hpp' on line 205
TRACE          (139717638448960) leaving Fowl_factory::Decoy_duck::type_name     in file `../Simulator/../Objectville/Fowl_factory.hpp' on line 205
TRACE          (139717638448960) calling weight                                  in file `../Simulator/../Objectville/Fowl_factory.hpp' on line 28
TRACE          (139717638448960) leaving weight                                  in file `../Simulator/../Objectville/Fowl_factory.hpp' on line 28
TRACE          (139717638448960) calling Object::Object                          in file `../Simulator/../Objectville/Object.hpp' on line 42
TRACE          (139717638448960) leaving Object::Object                          in file `../Simulator/../Objectville/Object.hpp' on line 42
TRACE          (139717638448960) calling Fowl::Fowl                              in file `../Simulator/../Objectville/Fowl.hpp' on line 62
TRACE          (139717638448960) leaving Fowl::Fowl                              in file `../Simulator/../Objectville/Fowl.hpp' on line 62
TRACE       (139717638448960) leaving Fowl_factory::make(identity<Decoy_duck>)   in file `../Simulator/../Objectville/Fowl_factory.hpp' on line 273
TRACE    (139717638448960) leaving Fowl_factory::make                            in file `../Simulator/../Objectville/Fowl_factory.hpp' on line 247

TRACE    (139717638448960) calling Fowl_factory::make                            in file `../Simulator/../Objectville/Fowl_factory.hpp' on line 247
TRACE       (139717638448960) calling Fowl_factory::make(identity<Rubber_duck>)  in file `../Simulator/../Objectville/Fowl_factory.hpp' on line 296
TRACE          (139717638448960) calling Fowl_factory::Rubber_duck::type_name    in file `../Simulator/../Objectville/Fowl_factory.hpp' on line 224
TRACE          (139717638448960) leaving Fowl_factory::Rubber_duck::type_name    in file `../Simulator/../Objectville/Fowl_factory.hpp' on line 224
TRACE          (139717638448960) calling weight                                  in file `../Simulator/../Objectville/Fowl_factory.hpp' on line 28
TRACE          (139717638448960) leaving weight                                  in file `../Simulator/../Objectville/Fowl_factory.hpp' on line 28
TRACE          (139717638448960) calling Object::Object                          in file `../Simulator/../Objectville/Object.hpp' on line 42
TRACE          (139717638448960) leaving Object::Object                          in file `../Simulator/../Objectville/Object.hpp' on line 42
TRACE          (139717638448960) calling Fowl::Fowl                              in file `../Simulator/../Objectville/Fowl.hpp' on line 62
TRACE          (139717638448960) leaving Fowl::Fowl                              in file `../Simulator/../Objectville/Fowl.hpp' on line 62
TRACE       (139717638448960) leaving Fowl_factory::make(identity<Rubber_duck>)  in file `../Simulator/../Objectville/Fowl_factory.hpp' on line 296
TRACE    (139717638448960) leaving Fowl_factory::make                            in file `../Simulator/../Objectville/Fowl_factory.hpp' on line 247

TRACE    (139717638448960) calling animate                                       in file `../Simulator/Simulator.cpp' on line 47
TRACE       (139717638448960) calling Fowl::get_weight                           in file `../Simulator/../Objectville/Fowl.hpp' on line 84
TRACE       (139717638448960) leaving Fowl::get_weight                           in file `../Simulator/../Objectville/Fowl.hpp' on line 84
TRACE       (139717638448960) calling Object::to_string                          in file `../Simulator/../Objectville/Object.hpp' on line 117
TRACE          (139717638448960) calling Fowl::to_string_impl                    in file `../Simulator/../Objectville/Fowl.hpp' on line 74
TRACE          (139717638448960) leaving Fowl::to_string_impl                    in file `../Simulator/../Objectville/Fowl.hpp' on line 74
TRACE       (139717638448960) leaving Object::to_string                          in file `../Simulator/../Objectville/Object.hpp' on line 117
TRACE       (139717638448960) calling Fowl::fly                                  in file `../Simulator/../Objectville/Fowl.hpp' on line 94
TRACE          (139717638448960) calling Fowl_factory::Winged_flight::execute    in file `../Simulator/../Objectville/Fowl_factory.hpp' on line 73
TRACE          (139717638448960) leaving Fowl_factory::Winged_flight::execute    in file `../Simulator/../Objectville/Fowl_factory.hpp' on line 73
TRACE       (139717638448960) leaving Fowl::fly                                  in file `../Simulator/../Objectville/Fowl.hpp' on line 94
TRACE       (139717638448960) calling Fowl::speak                                in file `../Simulator/../Objectville/Fowl.hpp' on line 104
TRACE          (139717638448960) calling Fowl_factory::Quack_speech::execute     in file `../Simulator/../Objectville/Fowl_factory.hpp' on line 109
TRACE          (139717638448960) leaving Fowl_factory::Quack_speech::execute     in file `../Simulator/../Objectville/Fowl_factory.hpp' on line 109
TRACE       (139717638448960) leaving Fowl::speak                                in file `../Simulator/../Objectville/Fowl.hpp' on line 104
TRACE       (139717638448960) calling Fowl::swim                                 in file `../Simulator/../Objectville/Fowl.hpp' on line 114
TRACE          (139717638448960) calling Fowl::swim_impl                         in file `../Simulator/../Objectville/Fowl.hpp' on line 125
TRACE          (139717638448960) leaving Fowl::swim_impl                         in file `../Simulator/../Objectville/Fowl.hpp' on line 125
TRACE       (139717638448960) leaving Fowl::swim                                 in file `../Simulator/../Objectville/Fowl.hpp' on line 114
TRACE    (139717638448960) leaving animate                                       in file `../Simulator/Simulator.cpp' on line 47

TRACE    (139717638448960) calling animate                                       in file `../Simulator/Simulator.cpp' on line 47
TRACE       (139717638448960) calling Fowl::get_weight                           in file `../Simulator/../Objectville/Fowl.hpp' on line 84
TRACE       (139717638448960) leaving Fowl::get_weight                           in file `../Simulator/../Objectville/Fowl.hpp' on line 84
TRACE       (139717638448960) calling Object::to_string                          in file `../Simulator/../Objectville/Object.hpp' on line 117
TRACE          (139717638448960) calling Fowl::to_string_impl                    in file `../Simulator/../Objectville/Fowl.hpp' on line 74
TRACE          (139717638448960) leaving Fowl::to_string_impl                    in file `../Simulator/../Objectville/Fowl.hpp' on line 74
TRACE       (139717638448960) leaving Object::to_string                          in file `../Simulator/../Objectville/Object.hpp' on line 117
TRACE       (139717638448960) calling Fowl::fly                                  in file `../Simulator/../Objectville/Fowl.hpp' on line 94
TRACE          (139717638448960) calling Fowl_factory::Negated_flight::execute   in file `../Simulator/../Objectville/Fowl_factory.hpp' on line 85
TRACE          (139717638448960) leaving Fowl_factory::Negated_flight::execute   in file `../Simulator/../Objectville/Fowl_factory.hpp' on line 85
TRACE       (139717638448960) leaving Fowl::fly                                  in file `../Simulator/../Objectville/Fowl.hpp' on line 94
TRACE       (139717638448960) calling Fowl::speak                                in file `../Simulator/../Objectville/Fowl.hpp' on line 104
TRACE          (139717638448960) calling Fowl_factory::Negated_speech::execute   in file `../Simulator/../Objectville/Fowl_factory.hpp' on line 133
TRACE          (139717638448960) leaving Fowl_factory::Negated_speech::execute   in file `../Simulator/../Objectville/Fowl_factory.hpp' on line 133
TRACE       (139717638448960) leaving Fowl::speak                                in file `../Simulator/../Objectville/Fowl.hpp' on line 104
TRACE       (139717638448960) calling Fowl::swim                                 in file `../Simulator/../Objectville/Fowl.hpp' on line 114
TRACE          (139717638448960) calling Fowl::swim_impl                         in file `../Simulator/../Objectville/Fowl.hpp' on line 125
TRACE          (139717638448960) leaving Fowl::swim_impl                         in file `../Simulator/../Objectville/Fowl.hpp' on line 125
TRACE       (139717638448960) leaving Fowl::swim                                 in file `../Simulator/../Objectville/Fowl.hpp' on line 114
TRACE    (139717638448960) leaving animate                                       in file `../Simulator/Simulator.cpp' on line 47

TRACE    (139717638448960) calling animate                                       in file `../Simulator/Simulator.cpp' on line 47
TRACE       (139717638448960) calling Fowl::get_weight                           in file `../Simulator/../Objectville/Fowl.hpp' on line 84
TRACE       (139717638448960) leaving Fowl::get_weight                           in file `../Simulator/../Objectville/Fowl.hpp' on line 84
TRACE       (139717638448960) calling Object::to_string                          in file `../Simulator/../Objectville/Object.hpp' on line 117
TRACE          (139717638448960) calling Fowl::to_string_impl                    in file `../Simulator/../Objectville/Fowl.hpp' on line 74
TRACE          (139717638448960) leaving Fowl::to_string_impl                    in file `../Simulator/../Objectville/Fowl.hpp' on line 74
TRACE       (139717638448960) leaving Object::to_string                          in file `../Simulator/../Objectville/Object.hpp' on line 117
TRACE       (139717638448960) calling Fowl::fly                                  in file `../Simulator/../Objectville/Fowl.hpp' on line 94
TRACE          (139717638448960) calling Fowl_factory::Negated_flight::execute   in file `../Simulator/../Objectville/Fowl_factory.hpp' on line 85
TRACE          (139717638448960) leaving Fowl_factory::Negated_flight::execute   in file `../Simulator/../Objectville/Fowl_factory.hpp' on line 85
TRACE       (139717638448960) leaving Fowl::fly                                  in file `../Simulator/../Objectville/Fowl.hpp' on line 94
TRACE       (139717638448960) calling Fowl::speak                                in file `../Simulator/../Objectville/Fowl.hpp' on line 104
TRACE          (139717638448960) calling Fowl_factory::Squeak_speech::execute    in file `../Simulator/../Objectville/Fowl_factory.hpp' on line 121
TRACE          (139717638448960) leaving Fowl_factory::Squeak_speech::execute    in file `../Simulator/../Objectville/Fowl_factory.hpp' on line 121
TRACE       (139717638448960) leaving Fowl::speak                                in file `../Simulator/../Objectville/Fowl.hpp' on line 104
TRACE       (139717638448960) calling Fowl::swim                                 in file `../Simulator/../Objectville/Fowl.hpp' on line 114
TRACE          (139717638448960) calling Fowl::swim_impl                         in file `../Simulator/../Objectville/Fowl.hpp' on line 125
TRACE          (139717638448960) leaving Fowl::swim_impl                         in file `../Simulator/../Objectville/Fowl.hpp' on line 125
TRACE       (139717638448960) leaving Fowl::swim                                 in file `../Simulator/../Objectville/Fowl.hpp' on line 114
TRACE    (139717638448960) leaving animate                                       in file `../Simulator/Simulator.cpp' on line 47

TRACE    (139717638448960) calling animate                                       in file `../Simulator/Simulator.cpp' on line 47
TRACE       (139717638448960) calling Fowl::get_weight                           in file `../Simulator/../Objectville/Fowl.hpp' on line 84
TRACE       (139717638448960) leaving Fowl::get_weight                           in file `../Simulator/../Objectville/Fowl.hpp' on line 84
TRACE       (139717638448960) calling Object::to_string                          in file `../Simulator/../Objectville/Object.hpp' on line 117
TRACE          (139717638448960) calling Fowl::to_string_impl                    in file `../Simulator/../Objectville/Fowl.hpp' on line 74
TRACE          (139717638448960) leaving Fowl::to_string_impl                    in file `../Simulator/../Objectville/Fowl.hpp' on line 74
TRACE       (139717638448960) leaving Object::to_string                          in file `../Simulator/../Objectville/Object.hpp' on line 117
TRACE       (139717638448960) calling Fowl::fly                                  in file `../Simulator/../Objectville/Fowl.hpp' on line 94
TRACE          (139717638448960) calling Fowl_factory::Winged_flight::execute    in file `../Simulator/../Objectville/Fowl_factory.hpp' on line 73
TRACE          (139717638448960) leaving Fowl_factory::Winged_flight::execute    in file `../Simulator/../Objectville/Fowl_factory.hpp' on line 73
TRACE       (139717638448960) leaving Fowl::fly                                  in file `../Simulator/../Objectville/Fowl.hpp' on line 94
TRACE       (139717638448960) calling Fowl::speak                                in file `../Simulator/../Objectville/Fowl.hpp' on line 104
TRACE          (139717638448960) calling Fowl_factory::Gobble_speech::execute    in file `../Simulator/../Objectville/Fowl_factory.hpp' on line 97
TRACE          (139717638448960) leaving Fowl_factory::Gobble_speech::execute    in file `../Simulator/../Objectville/Fowl_factory.hpp' on line 97
TRACE       (139717638448960) leaving Fowl::speak                                in file `../Simulator/../Objectville/Fowl.hpp' on line 104
TRACE       (139717638448960) calling Fowl::swim                                 in file `../Simulator/../Objectville/Fowl.hpp' on line 114
TRACE          (139717638448960) calling Fowl::swim_impl                         in file `../Simulator/../Objectville/Fowl.hpp' on line 125
TRACE          (139717638448960) leaving Fowl::swim_impl                         in file `../Simulator/../Objectville/Fowl.hpp' on line 125
TRACE       (139717638448960) leaving Fowl::swim                                 in file `../Simulator/../Objectville/Fowl.hpp' on line 114
TRACE    (139717638448960) leaving animate                                       in file `../Simulator/Simulator.cpp' on line 47

TRACE    (139717638448960) calling Speech::~Speech                               in file `../Simulator/../Objectville/Speech.hpp' on line 33
TRACE    (139717638448960) leaving Speech::~Speech                               in file `../Simulator/../Objectville/Speech.hpp' on line 33
TRACE    (139717638448960) calling Flight::~Flight                               in file `../Simulator/../Objectville/Flight.hpp' on line 33
TRACE    (139717638448960) leaving Flight::~Flight                               in file `../Simulator/../Objectville/Flight.hpp' on line 33
TRACE    (139717638448960) calling Object::~Object                               in file `../Simulator/../Objectville/Object.hpp' on line 52
TRACE    (139717638448960) leaving Object::~Object                               in file `../Simulator/../Objectville/Object.hpp' on line 52
TRACE    (139717638448960) calling Speech::~Speech                               in file `../Simulator/../Objectville/Speech.hpp' on line 33
TRACE    (139717638448960) leaving Speech::~Speech                               in file `../Simulator/../Objectville/Speech.hpp' on line 33
TRACE    (139717638448960) calling Flight::~Flight                               in file `../Simulator/../Objectville/Flight.hpp' on line 33
TRACE    (139717638448960) leaving Flight::~Flight                               in file `../Simulator/../Objectville/Flight.hpp' on line 33
TRACE    (139717638448960) calling Object::~Object                               in file `../Simulator/../Objectville/Object.hpp' on line 52
TRACE    (139717638448960) leaving Object::~Object                               in file `../Simulator/../Objectville/Object.hpp' on line 52
TRACE    (139717638448960) calling Speech::~Speech                               in file `../Simulator/../Objectville/Speech.hpp' on line 33
TRACE    (139717638448960) leaving Speech::~Speech                               in file `../Simulator/../Objectville/Speech.hpp' on line 33
TRACE    (139717638448960) calling Flight::~Flight                               in file `../Simulator/../Objectville/Flight.hpp' on line 33
TRACE    (139717638448960) leaving Flight::~Flight                               in file `../Simulator/../Objectville/Flight.hpp' on line 33
TRACE    (139717638448960) calling Object::~Object                               in file `../Simulator/../Objectville/Object.hpp' on line 52
TRACE    (139717638448960) leaving Object::~Object                               in file `../Simulator/../Objectville/Object.hpp' on line 52
TRACE    (139717638448960) calling Speech::~Speech                               in file `../Simulator/../Objectville/Speech.hpp' on line 33
TRACE    (139717638448960) leaving Speech::~Speech                               in file `../Simulator/../Objectville/Speech.hpp' on line 33
TRACE    (139717638448960) calling Flight::~Flight                               in file `../Simulator/../Objectville/Flight.hpp' on line 33
TRACE    (139717638448960) leaving Flight::~Flight                               in file `../Simulator/../Objectville/Flight.hpp' on line 33
TRACE    (139717638448960) calling Object::~Object                               in file `../Simulator/../Objectville/Object.hpp' on line 52
TRACE    (139717638448960) leaving Object::~Object                               in file `../Simulator/../Objectville/Object.hpp' on line 52
TRACE (139717638448960) leaving main                                             in file `../Simulator/Simulator.cpp' on line 81

TRACE (139717638448960) calling Object::~Object                                  in file `../Simulator/../Objectville/Object.hpp' on line 52
TRACE (139717638448960) leaving Object::~Object                                  in file `../Simulator/../Objectville/Object.hpp' on line 52
TRACE (139717638448960) calling Singleton::~Singleton                            in file `../Simulator/../Objectville/Singleton.hpp' on line 42
TRACE (139717638448960) leaving Singleton::~Singleton                            in file `../Simulator/../Objectville/Singleton.hpp' on line 42
